Started GET "/" for 127.0.0.1 at 2018-12-19 17:05:49 -0500
  
ActiveRecord::NoDatabaseError (FATAL:  database "backend_development" does not exist
):
  
activerecord (5.2.2) lib/active_record/connection_adapters/postgresql_adapter.rb:696:in `rescue in connect'
activerecord (5.2.2) lib/active_record/connection_adapters/postgresql_adapter.rb:691:in `connect'
activerecord (5.2.2) lib/active_record/connection_adapters/postgresql_adapter.rb:223:in `initialize'
activerecord (5.2.2) lib/active_record/connection_adapters/postgresql_adapter.rb:48:in `new'
activerecord (5.2.2) lib/active_record/connection_adapters/postgresql_adapter.rb:48:in `postgresql_connection'
activerecord (5.2.2) lib/active_record/connection_adapters/abstract/connection_pool.rb:811:in `new_connection'
activerecord (5.2.2) lib/active_record/connection_adapters/abstract/connection_pool.rb:855:in `checkout_new_connection'
activerecord (5.2.2) lib/active_record/connection_adapters/abstract/connection_pool.rb:834:in `try_to_checkout_new_connection'
activerecord (5.2.2) lib/active_record/connection_adapters/abstract/connection_pool.rb:795:in `acquire_connection'
activerecord (5.2.2) lib/active_record/connection_adapters/abstract/connection_pool.rb:523:in `checkout'
activerecord (5.2.2) lib/active_record/connection_adapters/abstract/connection_pool.rb:382:in `connection'
activerecord (5.2.2) lib/active_record/connection_adapters/abstract/connection_pool.rb:1010:in `retrieve_connection'
activerecord (5.2.2) lib/active_record/connection_handling.rb:118:in `retrieve_connection'
activerecord (5.2.2) lib/active_record/connection_handling.rb:90:in `connection'
activerecord (5.2.2) lib/active_record/migration.rb:554:in `call'
actionpack (5.2.2) lib/action_dispatch/middleware/callbacks.rb:28:in `block in call'
activesupport (5.2.2) lib/active_support/callbacks.rb:98:in `run_callbacks'
actionpack (5.2.2) lib/action_dispatch/middleware/callbacks.rb:26:in `call'
actionpack (5.2.2) lib/action_dispatch/middleware/executor.rb:14:in `call'
actionpack (5.2.2) lib/action_dispatch/middleware/debug_exceptions.rb:61:in `call'
actionpack (5.2.2) lib/action_dispatch/middleware/show_exceptions.rb:33:in `call'
railties (5.2.2) lib/rails/rack/logger.rb:38:in `call_app'
railties (5.2.2) lib/rails/rack/logger.rb:26:in `block in call'
activesupport (5.2.2) lib/active_support/tagged_logging.rb:71:in `block in tagged'
activesupport (5.2.2) lib/active_support/tagged_logging.rb:28:in `tagged'
activesupport (5.2.2) lib/active_support/tagged_logging.rb:71:in `tagged'
railties (5.2.2) lib/rails/rack/logger.rb:26:in `call'
actionpack (5.2.2) lib/action_dispatch/middleware/remote_ip.rb:81:in `call'
actionpack (5.2.2) lib/action_dispatch/middleware/request_id.rb:27:in `call'
rack (2.0.6) lib/rack/runtime.rb:22:in `call'
activesupport (5.2.2) lib/active_support/cache/strategy/local_cache_middleware.rb:29:in `call'
actionpack (5.2.2) lib/action_dispatch/middleware/executor.rb:14:in `call'
actionpack (5.2.2) lib/action_dispatch/middleware/static.rb:127:in `call'
rack (2.0.6) lib/rack/sendfile.rb:111:in `call'
rack-cors (1.0.2) lib/rack/cors.rb:97:in `call'
railties (5.2.2) lib/rails/engine.rb:524:in `call'
puma (3.12.0) lib/puma/configuration.rb:225:in `call'
puma (3.12.0) lib/puma/server.rb:658:in `handle_request'
puma (3.12.0) lib/puma/server.rb:472:in `process_client'
puma (3.12.0) lib/puma/server.rb:332:in `block in run'
puma (3.12.0) lib/puma/thread_pool.rb:133:in `block in spawn_thread'
Started GET "/cable" for 127.0.0.1 at 2018-12-19 17:06:01 -0500
  
ActiveRecord::NoDatabaseError (FATAL:  database "backend_development" does not exist
):
  
activerecord (5.2.2) lib/active_record/connection_adapters/postgresql_adapter.rb:696:in `rescue in connect'
activerecord (5.2.2) lib/active_record/connection_adapters/postgresql_adapter.rb:691:in `connect'
activerecord (5.2.2) lib/active_record/connection_adapters/postgresql_adapter.rb:223:in `initialize'
activerecord (5.2.2) lib/active_record/connection_adapters/postgresql_adapter.rb:48:in `new'
activerecord (5.2.2) lib/active_record/connection_adapters/postgresql_adapter.rb:48:in `postgresql_connection'
activerecord (5.2.2) lib/active_record/connection_adapters/abstract/connection_pool.rb:811:in `new_connection'
activerecord (5.2.2) lib/active_record/connection_adapters/abstract/connection_pool.rb:855:in `checkout_new_connection'
activerecord (5.2.2) lib/active_record/connection_adapters/abstract/connection_pool.rb:834:in `try_to_checkout_new_connection'
activerecord (5.2.2) lib/active_record/connection_adapters/abstract/connection_pool.rb:795:in `acquire_connection'
activerecord (5.2.2) lib/active_record/connection_adapters/abstract/connection_pool.rb:523:in `checkout'
activerecord (5.2.2) lib/active_record/connection_adapters/abstract/connection_pool.rb:382:in `connection'
activerecord (5.2.2) lib/active_record/connection_adapters/abstract/connection_pool.rb:1010:in `retrieve_connection'
activerecord (5.2.2) lib/active_record/connection_handling.rb:118:in `retrieve_connection'
activerecord (5.2.2) lib/active_record/connection_handling.rb:90:in `connection'
activerecord (5.2.2) lib/active_record/migration.rb:554:in `call'
actionpack (5.2.2) lib/action_dispatch/middleware/callbacks.rb:28:in `block in call'
activesupport (5.2.2) lib/active_support/callbacks.rb:98:in `run_callbacks'
actionpack (5.2.2) lib/action_dispatch/middleware/callbacks.rb:26:in `call'
actionpack (5.2.2) lib/action_dispatch/middleware/executor.rb:14:in `call'
actionpack (5.2.2) lib/action_dispatch/middleware/debug_exceptions.rb:61:in `call'
actionpack (5.2.2) lib/action_dispatch/middleware/show_exceptions.rb:33:in `call'
railties (5.2.2) lib/rails/rack/logger.rb:38:in `call_app'
railties (5.2.2) lib/rails/rack/logger.rb:26:in `block in call'
activesupport (5.2.2) lib/active_support/tagged_logging.rb:71:in `block in tagged'
activesupport (5.2.2) lib/active_support/tagged_logging.rb:28:in `tagged'
activesupport (5.2.2) lib/active_support/tagged_logging.rb:71:in `tagged'
railties (5.2.2) lib/rails/rack/logger.rb:26:in `call'
actionpack (5.2.2) lib/action_dispatch/middleware/remote_ip.rb:81:in `call'
actionpack (5.2.2) lib/action_dispatch/middleware/request_id.rb:27:in `call'
rack (2.0.6) lib/rack/runtime.rb:22:in `call'
activesupport (5.2.2) lib/active_support/cache/strategy/local_cache_middleware.rb:29:in `call'
actionpack (5.2.2) lib/action_dispatch/middleware/executor.rb:14:in `call'
actionpack (5.2.2) lib/action_dispatch/middleware/static.rb:127:in `call'
rack (2.0.6) lib/rack/sendfile.rb:111:in `call'
rack-cors (1.0.2) lib/rack/cors.rb:97:in `call'
railties (5.2.2) lib/rails/engine.rb:524:in `call'
puma (3.12.0) lib/puma/configuration.rb:225:in `call'
puma (3.12.0) lib/puma/server.rb:658:in `handle_request'
puma (3.12.0) lib/puma/server.rb:472:in `process_client'
puma (3.12.0) lib/puma/server.rb:332:in `block in run'
puma (3.12.0) lib/puma/thread_pool.rb:133:in `block in spawn_thread'
Started GET "/cable" for 127.0.0.1 at 2018-12-19 17:06:24 -0500
  
ActiveRecord::NoDatabaseError (FATAL:  database "backend_development" does not exist
):
  
activerecord (5.2.2) lib/active_record/connection_adapters/postgresql_adapter.rb:696:in `rescue in connect'
activerecord (5.2.2) lib/active_record/connection_adapters/postgresql_adapter.rb:691:in `connect'
activerecord (5.2.2) lib/active_record/connection_adapters/postgresql_adapter.rb:223:in `initialize'
activerecord (5.2.2) lib/active_record/connection_adapters/postgresql_adapter.rb:48:in `new'
activerecord (5.2.2) lib/active_record/connection_adapters/postgresql_adapter.rb:48:in `postgresql_connection'
activerecord (5.2.2) lib/active_record/connection_adapters/abstract/connection_pool.rb:811:in `new_connection'
activerecord (5.2.2) lib/active_record/connection_adapters/abstract/connection_pool.rb:855:in `checkout_new_connection'
activerecord (5.2.2) lib/active_record/connection_adapters/abstract/connection_pool.rb:834:in `try_to_checkout_new_connection'
activerecord (5.2.2) lib/active_record/connection_adapters/abstract/connection_pool.rb:795:in `acquire_connection'
activerecord (5.2.2) lib/active_record/connection_adapters/abstract/connection_pool.rb:523:in `checkout'
activerecord (5.2.2) lib/active_record/connection_adapters/abstract/connection_pool.rb:382:in `connection'
activerecord (5.2.2) lib/active_record/connection_adapters/abstract/connection_pool.rb:1010:in `retrieve_connection'
activerecord (5.2.2) lib/active_record/connection_handling.rb:118:in `retrieve_connection'
activerecord (5.2.2) lib/active_record/connection_handling.rb:90:in `connection'
activerecord (5.2.2) lib/active_record/migration.rb:554:in `call'
actionpack (5.2.2) lib/action_dispatch/middleware/callbacks.rb:28:in `block in call'
activesupport (5.2.2) lib/active_support/callbacks.rb:98:in `run_callbacks'
actionpack (5.2.2) lib/action_dispatch/middleware/callbacks.rb:26:in `call'
actionpack (5.2.2) lib/action_dispatch/middleware/executor.rb:14:in `call'
actionpack (5.2.2) lib/action_dispatch/middleware/debug_exceptions.rb:61:in `call'
actionpack (5.2.2) lib/action_dispatch/middleware/show_exceptions.rb:33:in `call'
railties (5.2.2) lib/rails/rack/logger.rb:38:in `call_app'
railties (5.2.2) lib/rails/rack/logger.rb:26:in `block in call'
activesupport (5.2.2) lib/active_support/tagged_logging.rb:71:in `block in tagged'
activesupport (5.2.2) lib/active_support/tagged_logging.rb:28:in `tagged'
activesupport (5.2.2) lib/active_support/tagged_logging.rb:71:in `tagged'
railties (5.2.2) lib/rails/rack/logger.rb:26:in `call'
actionpack (5.2.2) lib/action_dispatch/middleware/remote_ip.rb:81:in `call'
actionpack (5.2.2) lib/action_dispatch/middleware/request_id.rb:27:in `call'
rack (2.0.6) lib/rack/runtime.rb:22:in `call'
activesupport (5.2.2) lib/active_support/cache/strategy/local_cache_middleware.rb:29:in `call'
actionpack (5.2.2) lib/action_dispatch/middleware/executor.rb:14:in `call'
actionpack (5.2.2) lib/action_dispatch/middleware/static.rb:127:in `call'
rack (2.0.6) lib/rack/sendfile.rb:111:in `call'
rack-cors (1.0.2) lib/rack/cors.rb:97:in `call'
railties (5.2.2) lib/rails/engine.rb:524:in `call'
puma (3.12.0) lib/puma/configuration.rb:225:in `call'
puma (3.12.0) lib/puma/server.rb:658:in `handle_request'
puma (3.12.0) lib/puma/server.rb:472:in `process_client'
puma (3.12.0) lib/puma/server.rb:332:in `block in run'
puma (3.12.0) lib/puma/thread_pool.rb:133:in `block in spawn_thread'
Started GET "/cable" for 127.0.0.1 at 2018-12-19 17:06:47 -0500
  
ActiveRecord::NoDatabaseError (FATAL:  database "backend_development" does not exist
):
  
activerecord (5.2.2) lib/active_record/connection_adapters/postgresql_adapter.rb:696:in `rescue in connect'
activerecord (5.2.2) lib/active_record/connection_adapters/postgresql_adapter.rb:691:in `connect'
activerecord (5.2.2) lib/active_record/connection_adapters/postgresql_adapter.rb:223:in `initialize'
activerecord (5.2.2) lib/active_record/connection_adapters/postgresql_adapter.rb:48:in `new'
activerecord (5.2.2) lib/active_record/connection_adapters/postgresql_adapter.rb:48:in `postgresql_connection'
activerecord (5.2.2) lib/active_record/connection_adapters/abstract/connection_pool.rb:811:in `new_connection'
activerecord (5.2.2) lib/active_record/connection_adapters/abstract/connection_pool.rb:855:in `checkout_new_connection'
activerecord (5.2.2) lib/active_record/connection_adapters/abstract/connection_pool.rb:834:in `try_to_checkout_new_connection'
activerecord (5.2.2) lib/active_record/connection_adapters/abstract/connection_pool.rb:795:in `acquire_connection'
activerecord (5.2.2) lib/active_record/connection_adapters/abstract/connection_pool.rb:523:in `checkout'
activerecord (5.2.2) lib/active_record/connection_adapters/abstract/connection_pool.rb:382:in `connection'
activerecord (5.2.2) lib/active_record/connection_adapters/abstract/connection_pool.rb:1010:in `retrieve_connection'
activerecord (5.2.2) lib/active_record/connection_handling.rb:118:in `retrieve_connection'
activerecord (5.2.2) lib/active_record/connection_handling.rb:90:in `connection'
activerecord (5.2.2) lib/active_record/migration.rb:554:in `call'
actionpack (5.2.2) lib/action_dispatch/middleware/callbacks.rb:28:in `block in call'
activesupport (5.2.2) lib/active_support/callbacks.rb:98:in `run_callbacks'
actionpack (5.2.2) lib/action_dispatch/middleware/callbacks.rb:26:in `call'
actionpack (5.2.2) lib/action_dispatch/middleware/executor.rb:14:in `call'
actionpack (5.2.2) lib/action_dispatch/middleware/debug_exceptions.rb:61:in `call'
actionpack (5.2.2) lib/action_dispatch/middleware/show_exceptions.rb:33:in `call'
railties (5.2.2) lib/rails/rack/logger.rb:38:in `call_app'
railties (5.2.2) lib/rails/rack/logger.rb:26:in `block in call'
activesupport (5.2.2) lib/active_support/tagged_logging.rb:71:in `block in tagged'
activesupport (5.2.2) lib/active_support/tagged_logging.rb:28:in `tagged'
activesupport (5.2.2) lib/active_support/tagged_logging.rb:71:in `tagged'
railties (5.2.2) lib/rails/rack/logger.rb:26:in `call'
actionpack (5.2.2) lib/action_dispatch/middleware/remote_ip.rb:81:in `call'
actionpack (5.2.2) lib/action_dispatch/middleware/request_id.rb:27:in `call'
rack (2.0.6) lib/rack/runtime.rb:22:in `call'
activesupport (5.2.2) lib/active_support/cache/strategy/local_cache_middleware.rb:29:in `call'
actionpack (5.2.2) lib/action_dispatch/middleware/executor.rb:14:in `call'
actionpack (5.2.2) lib/action_dispatch/middleware/static.rb:127:in `call'
rack (2.0.6) lib/rack/sendfile.rb:111:in `call'
rack-cors (1.0.2) lib/rack/cors.rb:97:in `call'
railties (5.2.2) lib/rails/engine.rb:524:in `call'
puma (3.12.0) lib/puma/configuration.rb:225:in `call'
puma (3.12.0) lib/puma/server.rb:658:in `handle_request'
puma (3.12.0) lib/puma/server.rb:472:in `process_client'
puma (3.12.0) lib/puma/server.rb:332:in `block in run'
puma (3.12.0) lib/puma/thread_pool.rb:133:in `block in spawn_thread'
  [1m[35m (536.3ms)[0m  [1m[35mCREATE DATABASE "backend_development" ENCODING = 'unicode'[0m
  ↳ /usr/local/rvm/gems/ruby-2.5.3@global/bin/rake:23
  [1m[35m (385.6ms)[0m  [1m[35mCREATE DATABASE "backend_test" ENCODING = 'unicode'[0m
  ↳ /usr/local/rvm/gems/ruby-2.5.3@global/bin/rake:23
Started GET "/" for 127.0.0.1 at 2018-12-19 17:07:41 -0500
Processing by Rails::WelcomeController#index as HTML
  Rendering /usr/local/rvm/rubies/ruby-2.5.3/lib/ruby/gems/2.5.0/gems/railties-5.2.2/lib/rails/templates/rails/welcome/index.html.erb
  Rendered /usr/local/rvm/rubies/ruby-2.5.3/lib/ruby/gems/2.5.0/gems/railties-5.2.2/lib/rails/templates/rails/welcome/index.html.erb (3.1ms)
Completed 200 OK in 12ms (Views: 8.3ms | ActiveRecord: 0.0ms)


Started GET "/cable" for 127.0.0.1 at 2018-12-19 17:07:56 -0500
Started GET "/cable/" [WebSocket] for 127.0.0.1 at 2018-12-19 17:07:56 -0500
Successfully upgraded to WebSocket (REQUEST_METHOD: GET, HTTP_CONNECTION: Upgrade, HTTP_UPGRADE: websocket)
Subscription class not found: "MessagesChannel"
Subscription class not found: "ConversationsChannel"
Subscription class not found: "MessagesChannel"
Subscription class not found: "MessagesChannel"
Subscription class not found: "QuestionsChannel"
Subscription class not found: "QuestionsChannel"
Subscription class not found: "MessagesChannel"
Subscription class not found: "QuestionsChannel"
Subscription class not found: "QuestionsChannel"
Subscription class not found: "MessagesChannel"
Subscription class not found: "QuestionsChannel"
Subscription class not found: "QuestionsChannel"
Subscription class not found: "MessagesChannel"
Subscription class not found: "MessagesChannel"
Subscription class not found: "QuestionsChannel"
Subscription class not found: "MessagesChannel"
Subscription class not found: "QuestionsChannel"
Subscription class not found: "MessagesChannel"
Subscription class not found: "QuestionsChannel"
Subscription class not found: "MessagesChannel"
Subscription class not found: "QuestionsChannel"
Subscription class not found: "MessagesChannel"
Subscription class not found: "QuestionsChannel"
Subscription class not found: "MessagesChannel"
Subscription class not found: "QuestionsChannel"
Subscription class not found: "QuestionsChannel"
Subscription class not found: "MessagesChannel"
Subscription class not found: "MessagesChannel"
Subscription class not found: "QuestionsChannel"
Subscription class not found: "MessagesChannel"
Subscription class not found: "QuestionsChannel"
Subscription class not found: "MessagesChannel"
Subscription class not found: "QuestionsChannel"
  [1m[35m (42.6ms)[0m  [1m[35mCREATE TABLE "schema_migrations" ("version" character varying NOT NULL PRIMARY KEY)[0m
  ↳ /usr/local/rvm/gems/ruby-2.5.3@global/bin/rake:23
  [1m[35m (83.3ms)[0m  [1m[35mCREATE TABLE "ar_internal_metadata" ("key" character varying NOT NULL PRIMARY KEY, "value" character varying, "created_at" timestamp NOT NULL, "updated_at" timestamp NOT NULL)[0m
  ↳ /usr/local/rvm/gems/ruby-2.5.3@global/bin/rake:23
  [1m[35m (0.4ms)[0m  [1m[34mSELECT pg_try_advisory_lock(5073945470573576205)[0m
  ↳ /usr/local/rvm/gems/ruby-2.5.3@global/bin/rake:23
  [1m[35m (1.0ms)[0m  [1m[34mSELECT "schema_migrations"."version" FROM "schema_migrations" ORDER BY "schema_migrations"."version" ASC[0m
  ↳ /usr/local/rvm/gems/ruby-2.5.3@global/bin/rake:23
Migrating to CreateTeachers (20181219222240)
  [1m[35m (0.2ms)[0m  [1m[35mBEGIN[0m
  ↳ /usr/local/rvm/gems/ruby-2.5.3@global/bin/rake:23
  [1m[35m (44.7ms)[0m  [1m[35mCREATE TABLE "teachers" ("id" bigserial primary key, "name" character varying, "created_at" timestamp NOT NULL, "updated_at" timestamp NOT NULL)[0m
  ↳ db/migrate/20181219222240_create_teachers.rb:3
  [1m[36mActiveRecord::SchemaMigration Create (0.5ms)[0m  [1m[32mINSERT INTO "schema_migrations" ("version") VALUES ($1) RETURNING "version"[0m  [["version", "20181219222240"]]
  ↳ /usr/local/rvm/gems/ruby-2.5.3@global/bin/rake:23
  [1m[35m (0.5ms)[0m  [1m[35mCOMMIT[0m
  ↳ /usr/local/rvm/gems/ruby-2.5.3@global/bin/rake:23
Migrating to CreateTests (20181219222300)
  [1m[35m (40.7ms)[0m  [1m[35mBEGIN[0m
  ↳ /usr/local/rvm/gems/ruby-2.5.3@global/bin/rake:23
  [1m[35m (6.8ms)[0m  [1m[35mCREATE TABLE "tests" ("id" bigserial primary key, "name" character varying, "teacher_id" bigint, "created_at" timestamp NOT NULL, "updated_at" timestamp NOT NULL, CONSTRAINT "fk_rails_95b7544e73"
FOREIGN KEY ("teacher_id")
  REFERENCES "teachers" ("id")
)[0m
  ↳ db/migrate/20181219222300_create_tests.rb:3
  [1m[35m (2.9ms)[0m  [1m[35mCREATE  INDEX  "index_tests_on_teacher_id" ON "tests"  ("teacher_id")[0m
  ↳ db/migrate/20181219222300_create_tests.rb:3
  [1m[36mActiveRecord::SchemaMigration Create (0.4ms)[0m  [1m[32mINSERT INTO "schema_migrations" ("version") VALUES ($1) RETURNING "version"[0m  [["version", "20181219222300"]]
  ↳ /usr/local/rvm/gems/ruby-2.5.3@global/bin/rake:23
  [1m[35m (0.6ms)[0m  [1m[35mCOMMIT[0m
  ↳ /usr/local/rvm/gems/ruby-2.5.3@global/bin/rake:23
Migrating to CreateStudents (20181219222325)
  [1m[35m (40.7ms)[0m  [1m[35mBEGIN[0m
  ↳ /usr/local/rvm/gems/ruby-2.5.3@global/bin/rake:23
  [1m[35m (6.0ms)[0m  [1m[35mCREATE TABLE "students" ("id" bigserial primary key, "name" character varying, "test_id" bigint, "created_at" timestamp NOT NULL, "updated_at" timestamp NOT NULL, CONSTRAINT "fk_rails_21e5578683"
FOREIGN KEY ("test_id")
  REFERENCES "tests" ("id")
)[0m
  ↳ db/migrate/20181219222325_create_students.rb:3
  [1m[35m (0.9ms)[0m  [1m[35mCREATE  INDEX  "index_students_on_test_id" ON "students"  ("test_id")[0m
  ↳ db/migrate/20181219222325_create_students.rb:3
  [1m[36mActiveRecord::SchemaMigration Create (0.3ms)[0m  [1m[32mINSERT INTO "schema_migrations" ("version") VALUES ($1) RETURNING "version"[0m  [["version", "20181219222325"]]
  ↳ /usr/local/rvm/gems/ruby-2.5.3@global/bin/rake:23
  [1m[35m (0.5ms)[0m  [1m[35mCOMMIT[0m
  ↳ /usr/local/rvm/gems/ruby-2.5.3@global/bin/rake:23
  [1m[36mActiveRecord::InternalMetadata Load (0.8ms)[0m  [1m[34mSELECT  "ar_internal_metadata".* FROM "ar_internal_metadata" WHERE "ar_internal_metadata"."key" = $1 LIMIT $2[0m  [["key", "environment"], ["LIMIT", 1]]
  ↳ /usr/local/rvm/gems/ruby-2.5.3@global/bin/rake:23
  [1m[35m (0.2ms)[0m  [1m[35mBEGIN[0m
  ↳ /usr/local/rvm/gems/ruby-2.5.3@global/bin/rake:23
  [1m[36mActiveRecord::InternalMetadata Create (0.5ms)[0m  [1m[32mINSERT INTO "ar_internal_metadata" ("key", "value", "created_at", "updated_at") VALUES ($1, $2, $3, $4) RETURNING "key"[0m  [["key", "environment"], ["value", "development"], ["created_at", "2018-12-19 22:32:25.977242"], ["updated_at", "2018-12-19 22:32:25.977242"]]
  ↳ /usr/local/rvm/gems/ruby-2.5.3@global/bin/rake:23
  [1m[35m (40.7ms)[0m  [1m[35mCOMMIT[0m
  ↳ /usr/local/rvm/gems/ruby-2.5.3@global/bin/rake:23
  [1m[35m (0.4ms)[0m  [1m[34mSELECT pg_advisory_unlock(5073945470573576205)[0m
  ↳ /usr/local/rvm/gems/ruby-2.5.3@global/bin/rake:23
  [1m[35m (0.5ms)[0m  [1m[34mSELECT "schema_migrations"."version" FROM "schema_migrations" ORDER BY "schema_migrations"."version" ASC[0m
  ↳ /usr/local/rvm/gems/ruby-2.5.3@global/bin/rake:23
Started GET "/cable" for 127.0.0.1 at 2018-12-19 17:39:31 -0500
  [1m[35m (1.1ms)[0m  [1m[34mSELECT "schema_migrations"."version" FROM "schema_migrations" ORDER BY "schema_migrations"."version" ASC[0m
  ↳ /usr/local/rvm/gems/ruby-2.5.3/gems/rack-cors-1.0.2/lib/rack/cors.rb:97
Started GET "/cable/" [WebSocket] for 127.0.0.1 at 2018-12-19 17:39:32 -0500
Successfully upgraded to WebSocket (REQUEST_METHOD: GET, HTTP_CONNECTION: Upgrade, HTTP_UPGRADE: websocket)
Subscription class not found: "ConversationsChannel"
Subscription class not found: "MessagesChannel"
Subscription class not found: "MessagesChannel"
Subscription class not found: "QuestionsChannel"
Subscription class not found: "MessagesChannel"
Subscription class not found: "QuestionsChannel"
Subscription class not found: "QuestionsChannel"
Subscription class not found: "MessagesChannel"
Subscription class not found: "QuestionsChannel"
Subscription class not found: "MessagesChannel"
Subscription class not found: "MessagesChannel"
Subscription class not found: "QuestionsChannel"
Subscription class not found: "MessagesChannel"
Subscription class not found: "QuestionsChannel"
Subscription class not found: "MessagesChannel"
Subscription class not found: "QuestionsChannel"
Subscription class not found: "QuestionsChannel"
Subscription class not found: "QuestionsChannel"
Subscription class not found: "MessagesChannel"
Subscription class not found: "MessagesChannel"
Subscription class not found: "MessagesChannel"
Subscription class not found: "QuestionsChannel"
Subscription class not found: "QuestionsChannel"
Subscription class not found: "MessagesChannel"
Subscription class not found: "QuestionsChannel"
Subscription class not found: "MessagesChannel"
Subscription class not found: "QuestionsChannel"
Subscription class not found: "MessagesChannel"
Subscription class not found: "QuestionsChannel"
Subscription class not found: "MessagesChannel"
Subscription class not found: "QuestionsChannel"
Subscription class not found: "QuestionsChannel"
Subscription class not found: "MessagesChannel"
Started GET "/" for 127.0.0.1 at 2018-12-19 17:43:32 -0500
  [1m[35m (0.6ms)[0m  [1m[34mSELECT "schema_migrations"."version" FROM "schema_migrations" ORDER BY "schema_migrations"."version" ASC[0m
  ↳ /usr/local/rvm/gems/ruby-2.5.3/gems/rack-cors-1.0.2/lib/rack/cors.rb:97
Processing by Rails::WelcomeController#index as HTML
  Rendering /usr/local/rvm/rubies/ruby-2.5.3/lib/ruby/gems/2.5.0/gems/railties-5.2.2/lib/rails/templates/rails/welcome/index.html.erb
  Rendered /usr/local/rvm/rubies/ruby-2.5.3/lib/ruby/gems/2.5.0/gems/railties-5.2.2/lib/rails/templates/rails/welcome/index.html.erb (3.2ms)
Completed 200 OK in 10ms (Views: 7.0ms | ActiveRecord: 0.0ms)


Started GET "/" for 127.0.0.1 at 2018-12-19 17:46:12 -0500
  
SyntaxError (/Users/kmhome/Development/Lighthouse/grade10/backend/config/routes.rb:8: syntax error, unexpected keyword_end, expecting end-of-input):
  
config/routes.rb:8: syntax error, unexpected keyword_end, expecting end-of-input
Started GET "/" for 127.0.0.1 at 2018-12-19 17:46:44 -0500
Processing by Rails::WelcomeController#index as HTML
  Rendering /usr/local/rvm/rubies/ruby-2.5.3/lib/ruby/gems/2.5.0/gems/railties-5.2.2/lib/rails/templates/rails/welcome/index.html.erb
  Rendered /usr/local/rvm/rubies/ruby-2.5.3/lib/ruby/gems/2.5.0/gems/railties-5.2.2/lib/rails/templates/rails/welcome/index.html.erb (4.5ms)
Completed 200 OK in 14ms (Views: 9.0ms | ActiveRecord: 0.0ms)


